{"level":"error","message":"Sat Sep 10 2022 06:06:27 GMT+0000 (Coordinated Universal Time)-{\"name\":\"Data Not found\",\"statusCode\":500,\"isOperational\":true}","private":true}
{"level":"error","message":"Sat Sep 10 2022 06:06:27 GMT+0000 (Coordinated Universal Time)-{\"name\":\"Data Not found\",\"statusCode\":500,\"isOperational\":true}","private":true}
{"level":"error","message":"Sat Sep 10 2022 06:06:57 GMT+0000 (Coordinated Universal Time)-{\"name\":\"Data Not found\",\"statusCode\":500,\"isOperational\":true}","private":true}
{"level":"error","message":"Sat Sep 10 2022 06:07:03 GMT+0000 (Coordinated Universal Time)-{\"name\":\"Data Not found\",\"statusCode\":500,\"isOperational\":true}","private":true}
{"level":"error","message":"Sun Sep 11 2022 07:50:55 GMT+0000 (Coordinated Universal Time)-{\"name\":\"Data Not found\",\"statusCode\":500,\"isOperational\":true}","private":true}
{"level":"error","message":"Sun Sep 11 2022 08:00:56 GMT+0000 (Coordinated Universal Time)-{\"name\":\"Data Not found\",\"statusCode\":500,\"isOperational\":true}","private":true}
{"level":"error","message":"Thu Sep 22 2022 08:08:42 GMT+0530 (India Standard Time)-{\"name\":\"Data Not found\",\"statusCode\":500,\"isOperational\":true}","private":true}
{"level":"error","message":"Thu Sep 22 2022 08:09:29 GMT+0530 (India Standard Time)-{\"name\":\"Data Not found\",\"statusCode\":500,\"isOperational\":true}","private":true}
{"level":"error","message":"Thu Sep 22 2022 08:13:19 GMT+0530 (India Standard Time)-{\"name\":\"NOT FOUND\",\"statusCode\":404,\"isOperational\":true,\"errorStack\":false}","private":true}
{"level":"error","message":"Thu Sep 22 2022 12:24:19 GMT+0530 (India Standard Time)-{\"name\":\"NOT FOUND\",\"statusCode\":404,\"isOperational\":true,\"errorStack\":false}","private":true}
{"level":"error","message":"Thu Sep 22 2022 12:42:10 GMT+0530 (India Standard Time)-{\"name\":\"NOT FOUND\",\"statusCode\":404,\"isOperational\":true,\"errorStack\":false}","private":true}
{"level":"error","message":"Thu Sep 22 2022 12:42:18 GMT+0530 (India Standard Time)-{\"name\":\"NOT FOUND\",\"statusCode\":404,\"isOperational\":true,\"errorStack\":false}","private":true}
{"level":"error","message":"Thu Sep 22 2022 12:42:18 GMT+0530 (India Standard Time)-{\"name\":\"NOT FOUND\",\"statusCode\":404,\"isOperational\":true,\"errorStack\":false}","private":true}
{"level":"error","message":"Thu Sep 22 2022 12:42:23 GMT+0530 (India Standard Time)-{}","private":true}
{"level":"error","message":"Thu Sep 22 2022 12:42:53 GMT+0530 (India Standard Time)-{\"name\":\"NOT FOUND\",\"statusCode\":404,\"isOperational\":true,\"errorStack\":false}","private":true}
{"level":"error","message":"Thu Sep 22 2022 12:43:26 GMT+0530 (India Standard Time)-{\"name\":\"NOT FOUND\",\"statusCode\":404,\"isOperational\":true,\"errorStack\":false}","private":true}
{"level":"error","message":"Thu Sep 22 2022 12:43:29 GMT+0530 (India Standard Time)-{\"name\":\"NOT FOUND\",\"statusCode\":404,\"isOperational\":true,\"errorStack\":false}","private":true}
{"level":"error","message":"Thu Sep 22 2022 12:43:30 GMT+0530 (India Standard Time)-{\"name\":\"NOT FOUND\",\"statusCode\":404,\"isOperational\":true,\"errorStack\":false}","private":true}
{"level":"error","message":"Thu Sep 22 2022 12:43:30 GMT+0530 (India Standard Time)-{\"name\":\"NOT FOUND\",\"statusCode\":404,\"isOperational\":true,\"errorStack\":false}","private":true}
{"level":"error","message":"Thu Sep 22 2022 12:43:31 GMT+0530 (India Standard Time)-{\"name\":\"NOT FOUND\",\"statusCode\":404,\"isOperational\":true,\"errorStack\":false}","private":true}
{"level":"error","message":"Thu Sep 22 2022 12:43:32 GMT+0530 (India Standard Time)-{\"name\":\"NOT FOUND\",\"statusCode\":404,\"isOperational\":true,\"errorStack\":false}","private":true}
{"level":"error","message":"Thu Sep 22 2022 12:43:33 GMT+0530 (India Standard Time)-{\"name\":\"NOT FOUND\",\"statusCode\":404,\"isOperational\":true,\"errorStack\":false}","private":true}
{"level":"error","message":"Thu Sep 22 2022 12:43:50 GMT+0530 (India Standard Time)-{\"name\":\"NOT FOUND\",\"statusCode\":404,\"isOperational\":true,\"errorStack\":false}","private":true}
{"level":"error","message":"Thu Sep 22 2022 12:43:53 GMT+0530 (India Standard Time)-{}","private":true}
{"level":"error","message":"Thu Sep 22 2022 12:46:02 GMT+0530 (India Standard Time)-{\"name\":\"NOT FOUND\",\"statusCode\":404,\"isOperational\":true,\"errorStack\":false}","private":true}
{"level":"error","message":"Thu Sep 22 2022 12:50:57 GMT+0530 (India Standard Time)-{\"name\":\"NOT FOUND\",\"statusCode\":404,\"isOperational\":true,\"errorStack\":false}","private":true}
{"level":"error","message":"Thu Sep 22 2022 12:53:27 GMT+0530 (India Standard Time)-{\"name\":\"NOT FOUND\",\"statusCode\":404,\"isOperational\":true,\"errorStack\":false}","private":true}
{"level":"error","message":"Thu Sep 22 2022 12:53:33 GMT+0530 (India Standard Time)-{\"name\":\"NOT FOUND\",\"statusCode\":404,\"isOperational\":true,\"errorStack\":false}","private":true}
{"level":"error","message":"Sat Sep 24 2022 05:55:02 GMT+0000 (Coordinated Universal Time)-{\"name\":\"NOT FOUND\",\"statusCode\":404,\"isOperational\":true,\"errorStack\":false}","private":true}
